2026-04-01 14:23:15 | ERROR | app.middleware.error_middleware:70 | [8c219e25] UNHANDLED EXCEPTION: AuthRepository.get_by_id() missing 1 required positional argument: 'company_id'
Traceback (most recent call last):

  File "<string>", line 1, in <module>
  File "/usr/local/lib/python3.11/multiprocessing/spawn.py", line 122, in spawn_main
    exitcode = _main(fd, parent_sentinel)
               │     │   └ 4
               │     └ 10
               └ <function _main at 0x7bc1c8982160>
  File "/usr/local/lib/python3.11/multiprocessing/spawn.py", line 135, in _main
    return self._bootstrap(parent_sentinel)
           │    │          └ 4
           │    └ <function BaseProcess._bootstrap at 0x7bc1c8a53740>
           └ <SpawnProcess name='SpawnProcess-15' parent=1 started>
  File "/usr/local/lib/python3.11/multiprocessing/process.py", line 314, in _bootstrap
    self.run()
    │    └ <function BaseProcess.run at 0x7bc1c8a52ca0>
    └ <SpawnProcess name='SpawnProcess-15' parent=1 started>
  File "/usr/local/lib/python3.11/multiprocessing/process.py", line 108, in run
    self._target(*self._args, **self._kwargs)
    │    │        │    │        │    └ {'config': <uvicorn.config.Config object at 0x7bc1c7a913d0>, 'target': <bound method Server.run of <uvicorn.server.Server obj...
    │    │        │    │        └ <SpawnProcess name='SpawnProcess-15' parent=1 started>
    │    │        │    └ ()
    │    │        └ <SpawnProcess name='SpawnProcess-15' parent=1 started>
    │    └ <function subprocess_started at 0x7bc1c7902e80>
    └ <SpawnProcess name='SpawnProcess-15' parent=1 started>
  File "/usr/local/lib/python3.11/site-packages/uvicorn/_subprocess.py", line 80, in subprocess_started
    target(sockets=sockets)
    │              └ [<socket.socket fd=3, family=2, type=1, proto=0, laddr=('0.0.0.0', 8000)>]
    └ <bound method Server.run of <uvicorn.server.Server object at 0x7bc1c77f3f50>>
  File "/usr/local/lib/python3.11/site-packages/uvicorn/server.py", line 75, in run
    return asyncio_run(self.serve(sockets=sockets), loop_factory=self.config.get_loop_factory())
           │           │    │             │                      │    │      └ <function Config.get_loop_factory at 0x7bc1c7a8dee0>
           │           │    │             │                      │    └ <uvicorn.config.Config object at 0x7bc1c7a913d0>
           │           │    │             │                      └ <uvicorn.server.Server object at 0x7bc1c77f3f50>
           │           │    │             └ [<socket.socket fd=3, family=2, type=1, proto=0, laddr=('0.0.0.0', 8000)>]
           │           │    └ <function Server.serve at 0x7bc1c7901c60>
           │           └ <uvicorn.server.Server object at 0x7bc1c77f3f50>
           └ <function asyncio_run at 0x7bc1c7a62700>
  File "/usr/local/lib/python3.11/site-packages/uvicorn/_compat.py", line 30, in asyncio_run
    return runner.run(main)
           │      │   └ <coroutine object Server.serve at 0x7bc1c77b5a80>
           │      └ <function Runner.run at 0x7bc1c7ceb100>
           └ <asyncio.runners.Runner object at 0x7bc1c85e9410>
  File "/usr/local/lib/python3.11/asyncio/runners.py", line 118, in run
    return self._loop.run_until_complete(task)
           │    │     │                  └ <Task pending name='Task-1' coro=<Server.serve() running at /usr/local/lib/python3.11/site-packages/uvicorn/server.py:79> wai...
           │    │     └ <cyfunction Loop.run_until_complete at 0x7bc1c7838580>
           │    └ <uvloop.Loop running=True closed=False debug=False>
           └ <asyncio.runners.Runner object at 0x7bc1c85e9410>
  File "/usr/local/lib/python3.11/site-packages/starlette/middleware/base.py", line 144, in coro
    await self.app(scope, receive_or_disconnect, send_no_error)
          │    │   │      │                      └ <function BaseHTTPMiddleware.__call__.<locals>.call_next.<locals>.send_no_error at 0x7bc1c0fe1120>
          │    │   │      └ <function BaseHTTPMiddleware.__call__.<locals>.call_next.<locals>.receive_or_disconnect at 0x7bc1c0fe1080>
          │    │   └ {'type': 'http', 'asgi': {'version': '3.0', 'spec_version': '2.3'}, 'http_version': '1.1', 'server': ('172.18.0.5', 8000), 'c...
          │    └ <app.middleware.error_middleware.ErrorMiddleware object at 0x7bc1c10642d0>
          └ <app.middleware.logging_middleware.LoggingMiddleware object at 0x7bc1c3a21710>
  File "/usr/local/lib/python3.11/site-packages/starlette/middleware/base.py", line 193, in __call__
    response = await self.dispatch_func(request, call_next)
                     │    │             │        └ <function BaseHTTPMiddleware.__call__.<locals>.call_next at 0x7bc1c0fe13a0>
                     │    │             └ <starlette.middleware.base._CachedRequest object at 0x7bc1c0fe7790>
                     │    └ <bound method ErrorMiddleware.dispatch of <app.middleware.error_middleware.ErrorMiddleware object at 0x7bc1c10642d0>>
                     └ <app.middleware.error_middleware.ErrorMiddleware object at 0x7bc1c10642d0>

> File "/app/app/middleware/error_middleware.py", line 55, in dispatch
    response = await call_next(request)
                     │         └ <starlette.middleware.base._CachedRequest object at 0x7bc1c0fe7790>
                     └ <function BaseHTTPMiddleware.__call__.<locals>.call_next at 0x7bc1c0fe13a0>

  File "/usr/local/lib/python3.11/site-packages/starlette/middleware/base.py", line 168, in call_next
    raise app_exc from app_exc.__cause__ or app_exc.__context__
          │            │       │            │       └ <attribute '__context__' of 'BaseException' objects>
          │            │       │            └ TypeError("AuthRepository.get_by_id() missing 1 required positional argument: 'company_id'")
          │            │       └ <attribute '__cause__' of 'BaseException' objects>
          │            └ TypeError("AuthRepository.get_by_id() missing 1 required positional argument: 'company_id'")
          └ TypeError("AuthRepository.get_by_id() missing 1 required positional argument: 'company_id'")
  File "/usr/local/lib/python3.11/site-packages/starlette/middleware/base.py", line 144, in coro
    await self.app(scope, receive_or_disconnect, send_no_error)
          │    │   │      │                      └ <function BaseHTTPMiddleware.__call__.<locals>.call_next.<locals>.send_no_error at 0x7bc1c0fe14e0>
          │    │   │      └ <function BaseHTTPMiddleware.__call__.<locals>.call_next.<locals>.receive_or_disconnect at 0x7bc1c0fe1440>
          │    │   └ {'type': 'http', 'asgi': {'version': '3.0', 'spec_version': '2.3'}, 'http_version': '1.1', 'server': ('172.18.0.5', 8000), 'c...
          │    └ <starlette.middleware.exceptions.ExceptionMiddleware object at 0x7bc1c1118650>
          └ <app.middleware.error_middleware.ErrorMiddleware object at 0x7bc1c10642d0>
  File "/usr/local/lib/python3.11/site-packages/starlette/middleware/exceptions.py", line 63, in __call__
    await wrap_app_handling_exceptions(self.app, conn)(scope, receive, send)
          │                            │    │    │     │      │        └ <function BaseHTTPMiddleware.__call__.<locals>.call_next.<locals>.send_no_error at 0x7bc1c0fe14e0>
          │                            │    │    │     │      └ <function BaseHTTPMiddleware.__call__.<locals>.call_next.<locals>.receive_or_disconnect at 0x7bc1c0fe1440>
          │                            │    │    │     └ {'type': 'http', 'asgi': {'version': '3.0', 'spec_version': '2.3'}, 'http_version': '1.1', 'server': ('172.18.0.5', 8000), 'c...
          │                            │    │    └ <starlette.requests.Request object at 0x7bc1c0fe7d90>
          │                            │    └ <fastapi.middleware.asyncexitstack.AsyncExitStackMiddleware object at 0x7bc1c2c60a10>
          │                            └ <starlette.middleware.exceptions.ExceptionMiddleware object at 0x7bc1c1118650>
          └ <function wrap_app_handling_exceptions at 0x7bc1c666d4e0>
  File "/usr/local/lib/python3.11/site-packages/starlette/_exception_handler.py", line 53, in wrapped_app
    raise exc
  File "/usr/local/lib/python3.11/site-packages/starlette/_exception_handler.py", line 42, in wrapped_app
    await app(scope, receive, sender)
          │   │      │        └ <function wrap_app_handling_exceptions.<locals>.wrapped_app.<locals>.sender at 0x7bc1c0fe1800>
          │   │      └ <function BaseHTTPMiddleware.__call__.<locals>.call_next.<locals>.receive_or_disconnect at 0x7bc1c0fe1440>
          │   └ {'type': 'http', 'asgi': {'version': '3.0', 'spec_version': '2.3'}, 'http_version': '1.1', 'server': ('172.18.0.5', 8000), 'c...
          └ <fastapi.middleware.asyncexitstack.AsyncExitStackMiddleware object at 0x7bc1c2c60a10>
  File "/usr/local/lib/python3.11/site-packages/fastapi/middleware/asyncexitstack.py", line 18, in __call__
    await self.app(scope, receive, send)
          │    │   │      │        └ <function wrap_app_handling_exceptions.<locals>.wrapped_app.<locals>.sender at 0x7bc1c0fe1800>
          │    │   │      └ <function BaseHTTPMiddleware.__call__.<locals>.call_next.<locals>.receive_or_disconnect at 0x7bc1c0fe1440>
          │    │   └ {'type': 'http', 'asgi': {'version': '3.0', 'spec_version': '2.3'}, 'http_version': '1.1', 'server': ('172.18.0.5', 8000), 'c...
          │    └ <fastapi.routing.APIRouter object at 0x7bc1c2a86510>
          └ <fastapi.middleware.asyncexitstack.AsyncExitStackMiddleware object at 0x7bc1c2c60a10>
  File "/usr/local/lib/python3.11/site-packages/starlette/routing.py", line 716, in __call__
    await self.middleware_stack(scope, receive, send)
          │    │                │      │        └ <function wrap_app_handling_exceptions.<locals>.wrapped_app.<locals>.sender at 0x7bc1c0fe1800>
          │    │                │      └ <function BaseHTTPMiddleware.__call__.<locals>.call_next.<locals>.receive_or_disconnect at 0x7bc1c0fe1440>
          │    │                └ {'type': 'http', 'asgi': {'version': '3.0', 'spec_version': '2.3'}, 'http_version': '1.1', 'server': ('172.18.0.5', 8000), 'c...
          │    └ <bound method Router.app of <fastapi.routing.APIRouter object at 0x7bc1c2a86510>>
          └ <fastapi.routing.APIRouter object at 0x7bc1c2a86510>
  File "/usr/local/lib/python3.11/site-packages/starlette/routing.py", line 736, in app
    await route.handle(scope, receive, send)
          │     │      │      │        └ <function wrap_app_handling_exceptions.<locals>.wrapped_app.<locals>.sender at 0x7bc1c0fe1800>
          │     │      │      └ <function BaseHTTPMiddleware.__call__.<locals>.call_next.<locals>.receive_or_disconnect at 0x7bc1c0fe1440>
          │     │      └ {'type': 'http', 'asgi': {'version': '3.0', 'spec_version': '2.3'}, 'http_version': '1.1', 'server': ('172.18.0.5', 8000), 'c...
          │     └ <function Route.handle at 0x7bc1c666eac0>
          └ APIRoute(path='/auth/refresh', name='refresh', methods=['POST'])
  File "/usr/local/lib/python3.11/site-packages/starlette/routing.py", line 290, in handle
    await self.app(scope, receive, send)
          │    │   │      │        └ <function wrap_app_handling_exceptions.<locals>.wrapped_app.<locals>.sender at 0x7bc1c0fe1800>
          │    │   │      └ <function BaseHTTPMiddleware.__call__.<locals>.call_next.<locals>.receive_or_disconnect at 0x7bc1c0fe1440>
          │    │   └ {'type': 'http', 'asgi': {'version': '3.0', 'spec_version': '2.3'}, 'http_version': '1.1', 'server': ('172.18.0.5', 8000), 'c...
          │    └ <function request_response.<locals>.app at 0x7bc1c2a98860>
          └ APIRoute(path='/auth/refresh', name='refresh', methods=['POST'])
  File "/usr/local/lib/python3.11/site-packages/fastapi/routing.py", line 130, in app
    await wrap_app_handling_exceptions(app, request)(scope, receive, send)
          │                            │    │        │      │        └ <function wrap_app_handling_exceptions.<locals>.wrapped_app.<locals>.sender at 0x7bc1c0fe1800>
          │                            │    │        │      └ <function BaseHTTPMiddleware.__call__.<locals>.call_next.<locals>.receive_or_disconnect at 0x7bc1c0fe1440>
          │                            │    │        └ {'type': 'http', 'asgi': {'version': '3.0', 'spec_version': '2.3'}, 'http_version': '1.1', 'server': ('172.18.0.5', 8000), 'c...
          │                            │    └ <starlette.requests.Request object at 0x7bc1c3ba9750>
          │                            └ <function request_response.<locals>.app.<locals>.app at 0x7bc1c0fe18a0>
          └ <function wrap_app_handling_exceptions at 0x7bc1c666d4e0>
  File "/usr/local/lib/python3.11/site-packages/starlette/_exception_handler.py", line 53, in wrapped_app
    raise exc
  File "/usr/local/lib/python3.11/site-packages/starlette/_exception_handler.py", line 42, in wrapped_app
    await app(scope, receive, sender)
          │   │      │        └ <function wrap_app_handling_exceptions.<locals>.wrapped_app.<locals>.sender at 0x7bc1c0fe19e0>
          │   │      └ <function BaseHTTPMiddleware.__call__.<locals>.call_next.<locals>.receive_or_disconnect at 0x7bc1c0fe1440>
          │   └ {'type': 'http', 'asgi': {'version': '3.0', 'spec_version': '2.3'}, 'http_version': '1.1', 'server': ('172.18.0.5', 8000), 'c...
          └ <function request_response.<locals>.app.<locals>.app at 0x7bc1c0fe18a0>
  File "/usr/local/lib/python3.11/site-packages/fastapi/routing.py", line 116, in app
    response = await f(request)
                     │ └ <starlette.requests.Request object at 0x7bc1c3ba9750>
                     └ <function get_request_handler.<locals>.app at 0x7bc1c2a987c0>
  File "/usr/local/lib/python3.11/site-packages/fastapi/routing.py", line 670, in app
    raw_response = await run_endpoint_function(
                         └ <function run_endpoint_function at 0x7bc1c668cf40>
  File "/usr/local/lib/python3.11/site-packages/fastapi/routing.py", line 324, in run_endpoint_function
    return await dependant.call(**values)
                 │         │      └ {'service': <app.services.auth_service.AuthService object at 0x7bc1c2c6c0d0>, 'cookie_token': 'eyJhbGciOiJIUzI1NiIsInR5cCI6Ik...
                 │         └ <function refresh at 0x7bc1c3d43740>
                 └ Dependant(path_params=[], query_params=[], header_params=[], cookie_params=[ModelField(field_info=Cookie(None), name='cookie_...

  File "/app/app/routers/auth_router.py", line 123, in refresh
    tokens = await service.refresh(refresh_token)
                   │       │       └ 'eyJhbGciOiJIUzI1NiIsInR5cCI6IkpXVCJ9.eyJ1c2VyX2lkIjoxNSwiY29tcGFueV9pZCI6NSwidG9rZW5fdHlwZSI6InJlZnJlc2giLCJqdGkiOiI2MWE4MDJ...
                   │       └ <function AuthService.refresh at 0x7bc1c3d42d40>
                   └ <app.services.auth_service.AuthService object at 0x7bc1c2c6c0d0>

  File "/app/app/services/auth_service.py", line 187, in refresh
    user = await self.auth_repo.get_by_id(user_id)  # no company_id needed here
                 │    │         │         └ 15
                 │    │         └ <function AuthRepository.get_by_id at 0x7bc1c3d427a0>
                 │    └ <app.repositories.auth_repository.AuthRepository object at 0x7bc1c3d4e610>
                 └ <app.services.auth_service.AuthService object at 0x7bc1c2c6c0d0>

TypeError: AuthRepository.get_by_id() missing 1 required positional argument: 'company_id'
2026-04-01 14:25:55 | ERROR | app.middleware.error_middleware:70 | [158e1704] UNHANDLED EXCEPTION: AuthRepository.get_by_id() missing 1 required positional argument: 'company_id'
Traceback (most recent call last):

  File "<string>", line 1, in <module>
  File "/usr/local/lib/python3.11/multiprocessing/spawn.py", line 122, in spawn_main
    exitcode = _main(fd, parent_sentinel)
               │     │   └ 4
               │     └ 10
               └ <function _main at 0x7bc1c8982160>
  File "/usr/local/lib/python3.11/multiprocessing/spawn.py", line 135, in _main
    return self._bootstrap(parent_sentinel)
           │    │          └ 4
           │    └ <function BaseProcess._bootstrap at 0x7bc1c8a53740>
           └ <SpawnProcess name='SpawnProcess-15' parent=1 started>
  File "/usr/local/lib/python3.11/multiprocessing/process.py", line 314, in _bootstrap
    self.run()
    │    └ <function BaseProcess.run at 0x7bc1c8a52ca0>
    └ <SpawnProcess name='SpawnProcess-15' parent=1 started>
  File "/usr/local/lib/python3.11/multiprocessing/process.py", line 108, in run
    self._target(*self._args, **self._kwargs)
    │    │        │    │        │    └ {'config': <uvicorn.config.Config object at 0x7bc1c7a913d0>, 'target': <bound method Server.run of <uvicorn.server.Server obj...
    │    │        │    │        └ <SpawnProcess name='SpawnProcess-15' parent=1 started>
    │    │        │    └ ()
    │    │        └ <SpawnProcess name='SpawnProcess-15' parent=1 started>
    │    └ <function subprocess_started at 0x7bc1c7902e80>
    └ <SpawnProcess name='SpawnProcess-15' parent=1 started>
  File "/usr/local/lib/python3.11/site-packages/uvicorn/_subprocess.py", line 80, in subprocess_started
    target(sockets=sockets)
    │              └ [<socket.socket fd=3, family=2, type=1, proto=0, laddr=('0.0.0.0', 8000)>]
    └ <bound method Server.run of <uvicorn.server.Server object at 0x7bc1c77f3f50>>
  File "/usr/local/lib/python3.11/site-packages/uvicorn/server.py", line 75, in run
    return asyncio_run(self.serve(sockets=sockets), loop_factory=self.config.get_loop_factory())
           │           │    │             │                      │    │      └ <function Config.get_loop_factory at 0x7bc1c7a8dee0>
           │           │    │             │                      │    └ <uvicorn.config.Config object at 0x7bc1c7a913d0>
           │           │    │             │                      └ <uvicorn.server.Server object at 0x7bc1c77f3f50>
           │           │    │             └ [<socket.socket fd=3, family=2, type=1, proto=0, laddr=('0.0.0.0', 8000)>]
           │           │    └ <function Server.serve at 0x7bc1c7901c60>
           │           └ <uvicorn.server.Server object at 0x7bc1c77f3f50>
           └ <function asyncio_run at 0x7bc1c7a62700>
  File "/usr/local/lib/python3.11/site-packages/uvicorn/_compat.py", line 30, in asyncio_run
    return runner.run(main)
           │      │   └ <coroutine object Server.serve at 0x7bc1c77b5a80>
           │      └ <function Runner.run at 0x7bc1c7ceb100>
           └ <asyncio.runners.Runner object at 0x7bc1c85e9410>
  File "/usr/local/lib/python3.11/asyncio/runners.py", line 118, in run
    return self._loop.run_until_complete(task)
           │    │     │                  └ <Task pending name='Task-1' coro=<Server.serve() running at /usr/local/lib/python3.11/site-packages/uvicorn/server.py:79> wai...
           │    │     └ <cyfunction Loop.run_until_complete at 0x7bc1c7838580>
           │    └ <uvloop.Loop running=True closed=False debug=False>
           └ <asyncio.runners.Runner object at 0x7bc1c85e9410>
  File "/usr/local/lib/python3.11/site-packages/starlette/middleware/base.py", line 144, in coro
    await self.app(scope, receive_or_disconnect, send_no_error)
          │    │   │      │                      └ <function BaseHTTPMiddleware.__call__.<locals>.call_next.<locals>.send_no_error at 0x7bc1c0fe1260>
          │    │   │      └ <function BaseHTTPMiddleware.__call__.<locals>.call_next.<locals>.receive_or_disconnect at 0x7bc1c0fe20c0>
          │    │   └ {'type': 'http', 'asgi': {'version': '3.0', 'spec_version': '2.3'}, 'http_version': '1.1', 'server': ('172.18.0.5', 8000), 'c...
          │    └ <app.middleware.error_middleware.ErrorMiddleware object at 0x7bc1c10642d0>
          └ <app.middleware.logging_middleware.LoggingMiddleware object at 0x7bc1c3a21710>
  File "/usr/local/lib/python3.11/site-packages/starlette/middleware/base.py", line 193, in __call__
    response = await self.dispatch_func(request, call_next)
                     │    │             │        └ <function BaseHTTPMiddleware.__call__.<locals>.call_next at 0x7bc1c2a7eb60>
                     │    │             └ <starlette.middleware.base._CachedRequest object at 0x7bc1c050a510>
                     │    └ <bound method ErrorMiddleware.dispatch of <app.middleware.error_middleware.ErrorMiddleware object at 0x7bc1c10642d0>>
                     └ <app.middleware.error_middleware.ErrorMiddleware object at 0x7bc1c10642d0>

> File "/app/app/middleware/error_middleware.py", line 55, in dispatch
    response = await call_next(request)
                     │         └ <starlette.middleware.base._CachedRequest object at 0x7bc1c050a510>
                     └ <function BaseHTTPMiddleware.__call__.<locals>.call_next at 0x7bc1c2a7eb60>

  File "/usr/local/lib/python3.11/site-packages/starlette/middleware/base.py", line 168, in call_next
    raise app_exc from app_exc.__cause__ or app_exc.__context__
          │            │       │            │       └ <attribute '__context__' of 'BaseException' objects>
          │            │       │            └ TypeError("AuthRepository.get_by_id() missing 1 required positional argument: 'company_id'")
          │            │       └ <attribute '__cause__' of 'BaseException' objects>
          │            └ TypeError("AuthRepository.get_by_id() missing 1 required positional argument: 'company_id'")
          └ TypeError("AuthRepository.get_by_id() missing 1 required positional argument: 'company_id'")
  File "/usr/local/lib/python3.11/site-packages/starlette/middleware/base.py", line 144, in coro
    await self.app(scope, receive_or_disconnect, send_no_error)
          │    │   │      │                      └ <function BaseHTTPMiddleware.__call__.<locals>.call_next.<locals>.send_no_error at 0x7bc1c064e8e0>
          │    │   │      └ <function BaseHTTPMiddleware.__call__.<locals>.call_next.<locals>.receive_or_disconnect at 0x7bc1c064e700>
          │    │   └ {'type': 'http', 'asgi': {'version': '3.0', 'spec_version': '2.3'}, 'http_version': '1.1', 'server': ('172.18.0.5', 8000), 'c...
          │    └ <starlette.middleware.exceptions.ExceptionMiddleware object at 0x7bc1c1118650>
          └ <app.middleware.error_middleware.ErrorMiddleware object at 0x7bc1c10642d0>
  File "/usr/local/lib/python3.11/site-packages/starlette/middleware/exceptions.py", line 63, in __call__
    await wrap_app_handling_exceptions(self.app, conn)(scope, receive, send)
          │                            │    │    │     │      │        └ <function BaseHTTPMiddleware.__call__.<locals>.call_next.<locals>.send_no_error at 0x7bc1c064e8e0>
          │                            │    │    │     │      └ <function BaseHTTPMiddleware.__call__.<locals>.call_next.<locals>.receive_or_disconnect at 0x7bc1c064e700>
          │                            │    │    │     └ {'type': 'http', 'asgi': {'version': '3.0', 'spec_version': '2.3'}, 'http_version': '1.1', 'server': ('172.18.0.5', 8000), 'c...
          │                            │    │    └ <starlette.requests.Request object at 0x7bc1c050aa10>
          │                            │    └ <fastapi.middleware.asyncexitstack.AsyncExitStackMiddleware object at 0x7bc1c2c60a10>
          │                            └ <starlette.middleware.exceptions.ExceptionMiddleware object at 0x7bc1c1118650>
          └ <function wrap_app_handling_exceptions at 0x7bc1c666d4e0>
  File "/usr/local/lib/python3.11/site-packages/starlette/_exception_handler.py", line 53, in wrapped_app
    raise exc
  File "/usr/local/lib/python3.11/site-packages/starlette/_exception_handler.py", line 42, in wrapped_app
    await app(scope, receive, sender)
          │   │      │        └ <function wrap_app_handling_exceptions.<locals>.wrapped_app.<locals>.sender at 0x7bc1c064ec00>
          │   │      └ <function BaseHTTPMiddleware.__call__.<locals>.call_next.<locals>.receive_or_disconnect at 0x7bc1c064e700>
          │   └ {'type': 'http', 'asgi': {'version': '3.0', 'spec_version': '2.3'}, 'http_version': '1.1', 'server': ('172.18.0.5', 8000), 'c...
          └ <fastapi.middleware.asyncexitstack.AsyncExitStackMiddleware object at 0x7bc1c2c60a10>
  File "/usr/local/lib/python3.11/site-packages/fastapi/middleware/asyncexitstack.py", line 18, in __call__
    await self.app(scope, receive, send)
          │    │   │      │        └ <function wrap_app_handling_exceptions.<locals>.wrapped_app.<locals>.sender at 0x7bc1c064ec00>
          │    │   │      └ <function BaseHTTPMiddleware.__call__.<locals>.call_next.<locals>.receive_or_disconnect at 0x7bc1c064e700>
          │    │   └ {'type': 'http', 'asgi': {'version': '3.0', 'spec_version': '2.3'}, 'http_version': '1.1', 'server': ('172.18.0.5', 8000), 'c...
          │    └ <fastapi.routing.APIRouter object at 0x7bc1c2a86510>
          └ <fastapi.middleware.asyncexitstack.AsyncExitStackMiddleware object at 0x7bc1c2c60a10>
  File "/usr/local/lib/python3.11/site-packages/starlette/routing.py", line 716, in __call__
    await self.middleware_stack(scope, receive, send)
          │    │                │      │        └ <function wrap_app_handling_exceptions.<locals>.wrapped_app.<locals>.sender at 0x7bc1c064ec00>
          │    │                │      └ <function BaseHTTPMiddleware.__call__.<locals>.call_next.<locals>.receive_or_disconnect at 0x7bc1c064e700>
          │    │                └ {'type': 'http', 'asgi': {'version': '3.0', 'spec_version': '2.3'}, 'http_version': '1.1', 'server': ('172.18.0.5', 8000), 'c...
          │    └ <bound method Router.app of <fastapi.routing.APIRouter object at 0x7bc1c2a86510>>
          └ <fastapi.routing.APIRouter object at 0x7bc1c2a86510>
  File "/usr/local/lib/python3.11/site-packages/starlette/routing.py", line 736, in app
    await route.handle(scope, receive, send)
          │     │      │      │        └ <function wrap_app_handling_exceptions.<locals>.wrapped_app.<locals>.sender at 0x7bc1c064ec00>
          │     │      │      └ <function BaseHTTPMiddleware.__call__.<locals>.call_next.<locals>.receive_or_disconnect at 0x7bc1c064e700>
          │     │      └ {'type': 'http', 'asgi': {'version': '3.0', 'spec_version': '2.3'}, 'http_version': '1.1', 'server': ('172.18.0.5', 8000), 'c...
          │     └ <function Route.handle at 0x7bc1c666eac0>
          └ APIRoute(path='/auth/refresh', name='refresh', methods=['POST'])
  File "/usr/local/lib/python3.11/site-packages/starlette/routing.py", line 290, in handle
    await self.app(scope, receive, send)
          │    │   │      │        └ <function wrap_app_handling_exceptions.<locals>.wrapped_app.<locals>.sender at 0x7bc1c064ec00>
          │    │   │      └ <function BaseHTTPMiddleware.__call__.<locals>.call_next.<locals>.receive_or_disconnect at 0x7bc1c064e700>
          │    │   └ {'type': 'http', 'asgi': {'version': '3.0', 'spec_version': '2.3'}, 'http_version': '1.1', 'server': ('172.18.0.5', 8000), 'c...
          │    └ <function request_response.<locals>.app at 0x7bc1c2a98860>
          └ APIRoute(path='/auth/refresh', name='refresh', methods=['POST'])
  File "/usr/local/lib/python3.11/site-packages/fastapi/routing.py", line 130, in app
    await wrap_app_handling_exceptions(app, request)(scope, receive, send)
          │                            │    │        │      │        └ <function wrap_app_handling_exceptions.<locals>.wrapped_app.<locals>.sender at 0x7bc1c064ec00>
          │                            │    │        │      └ <function BaseHTTPMiddleware.__call__.<locals>.call_next.<locals>.receive_or_disconnect at 0x7bc1c064e700>
          │                            │    │        └ {'type': 'http', 'asgi': {'version': '3.0', 'spec_version': '2.3'}, 'http_version': '1.1', 'server': ('172.18.0.5', 8000), 'c...
          │                            │    └ <starlette.requests.Request object at 0x7bc1c050aa90>
          │                            └ <function request_response.<locals>.app.<locals>.app at 0x7bc1c064eca0>
          └ <function wrap_app_handling_exceptions at 0x7bc1c666d4e0>
  File "/usr/local/lib/python3.11/site-packages/starlette/_exception_handler.py", line 53, in wrapped_app
    raise exc
  File "/usr/local/lib/python3.11/site-packages/starlette/_exception_handler.py", line 42, in wrapped_app
    await app(scope, receive, sender)
          │   │      │        └ <function wrap_app_handling_exceptions.<locals>.wrapped_app.<locals>.sender at 0x7bc1c064ede0>
          │   │      └ <function BaseHTTPMiddleware.__call__.<locals>.call_next.<locals>.receive_or_disconnect at 0x7bc1c064e700>
          │   └ {'type': 'http', 'asgi': {'version': '3.0', 'spec_version': '2.3'}, 'http_version': '1.1', 'server': ('172.18.0.5', 8000), 'c...
          └ <function request_response.<locals>.app.<locals>.app at 0x7bc1c064eca0>
  File "/usr/local/lib/python3.11/site-packages/fastapi/routing.py", line 116, in app
    response = await f(request)
                     │ └ <starlette.requests.Request object at 0x7bc1c050aa90>
                     └ <function get_request_handler.<locals>.app at 0x7bc1c2a987c0>
  File "/usr/local/lib/python3.11/site-packages/fastapi/routing.py", line 670, in app
    raw_response = await run_endpoint_function(
                         └ <function run_endpoint_function at 0x7bc1c668cf40>
  File "/usr/local/lib/python3.11/site-packages/fastapi/routing.py", line 324, in run_endpoint_function
    return await dependant.call(**values)
                 │         │      └ {'service': <app.services.auth_service.AuthService object at 0x7bc1c050bd50>, 'cookie_token': 'eyJhbGciOiJIUzI1NiIsInR5cCI6Ik...
                 │         └ <function refresh at 0x7bc1c3d43740>
                 └ Dependant(path_params=[], query_params=[], header_params=[], cookie_params=[ModelField(field_info=Cookie(None), name='cookie_...

  File "/app/app/routers/auth_router.py", line 123, in refresh
    tokens = await service.refresh(refresh_token)
                   │       │       └ 'eyJhbGciOiJIUzI1NiIsInR5cCI6IkpXVCJ9.eyJ1c2VyX2lkIjoxNSwiY29tcGFueV9pZCI6NSwidG9rZW5fdHlwZSI6InJlZnJlc2giLCJqdGkiOiI2MWE4MDJ...
                   │       └ <function AuthService.refresh at 0x7bc1c3d42d40>
                   └ <app.services.auth_service.AuthService object at 0x7bc1c050bd50>

  File "/app/app/services/auth_service.py", line 187, in refresh
    user = await self.auth_repo.get_by_id(user_id)  # no company_id needed here
                 │    │         │         └ 15
                 │    │         └ <function AuthRepository.get_by_id at 0x7bc1c3d427a0>
                 │    └ <app.repositories.auth_repository.AuthRepository object at 0x7bc1c050bcd0>
                 └ <app.services.auth_service.AuthService object at 0x7bc1c050bd50>

TypeError: AuthRepository.get_by_id() missing 1 required positional argument: 'company_id'
